<?xml version="1.0" encoding="UTF-8"?>
<!-- Generated by org.testng.reporters.JUnitReportReporter -->
<testsuite skipped="0" hostname="ICPL12057" name="ExtentReportDemo.ExtentReportDemo.com.DemoExtReport" tests="1" failures="0" timestamp="20 Apr 2018 01:02:10 GMT" time="0.008" errors="0">
  <testcase name="passTest" time="0.008" classname="ExtentReportDemo.ExtentReportDemo.com.DemoExtReport"/>
</testsuite> <!-- ExtentReportDemo.ExtentReportDemo.com.DemoExtReport -->
